{"level":"info","message":"Created client session c0431b8d00126ee4a63652cd","timestamp":"2024-08-09 00:21:42"}
{"level":"info","message":"Created client session 8570ec9d5bd3759347e0e2a5","timestamp":"2024-08-09 10:56:09"}
{"level":"info","message":"Created Actor with id [hBwxc279rGixO6Gq]","timestamp":"2024-08-09 18:31:21"}
{"level":"info","message":"Deleted Actor with id [hBwxc279rGixO6Gq]","timestamp":"2024-08-09 18:31:56"}
{"level":"info","message":"Created Actor with id [oc9nQEdtLvkfq3Nz]","timestamp":"2024-08-09 18:32:06"}
{"level":"info","message":"Deleted Actor with id [oc9nQEdtLvkfq3Nz]","timestamp":"2024-08-09 18:32:17"}
{"level":"info","message":"Created Actor with id [L9hH0FENaJ0udIC6]","timestamp":"2024-08-09 18:32:34"}
{"level":"info","message":"Created Item with id [nwr1duZwZLMV4mQw] in parent Actor [L9hH0FENaJ0udIC6]","timestamp":"2024-08-09 18:33:48"}
{"level":"info","message":"Created Item with id [vXhZDf8TFZDAqyoX] in parent Actor [L9hH0FENaJ0udIC6]","timestamp":"2024-08-09 18:35:42"}
{"level":"info","message":"Created Item with id [Bu4JBW5Dq3s7zTM3] in parent Actor [L9hH0FENaJ0udIC6]","timestamp":"2024-08-09 18:37:10"}
{"level":"info","message":"Created Actor with id [OcBykYD6sWCTRlVf]","timestamp":"2024-08-09 20:51:01"}
{"level":"info","message":"Created Item with id [zSaA31tPmGwFc7UL] in parent Actor [OcBykYD6sWCTRlVf]","timestamp":"2024-08-09 20:55:40"}
{"level":"info","message":"Deleted Item with id [zSaA31tPmGwFc7UL] in parent Actor [OcBykYD6sWCTRlVf]","timestamp":"2024-08-09 20:55:43"}
{"level":"info","message":"Created Actor with id [zqIBAOMKQu7nHCuv]","timestamp":"2024-08-09 20:56:40"}
{"level":"info","message":"Created Item with id [Mq1Szh44yTIF1dBO] in parent Actor [zqIBAOMKQu7nHCuv]","timestamp":"2024-08-09 20:57:16"}
{"level":"info","message":"Created Item with id [IDYZJeZcV5lzUJcg] in parent Actor [zqIBAOMKQu7nHCuv]","timestamp":"2024-08-09 20:58:01"}
{"level":"info","message":"Created Item with id [Wa7NyrDtIvvvH764] in parent Actor [zqIBAOMKQu7nHCuv]","timestamp":"2024-08-09 20:58:33"}
{"level":"info","message":"Created Item with id [OkOwfFuzxHkfmVwU] in parent Actor [zqIBAOMKQu7nHCuv]","timestamp":"2024-08-09 20:59:04"}
{"level":"info","message":"Created Item with id [2BMdgjfQ2p8LbqIb] in parent Actor [zqIBAOMKQu7nHCuv]","timestamp":"2024-08-09 20:59:28"}
{"level":"info","message":"Created client session a803749fc912bbf66b291bc2","timestamp":"2024-08-09 21:00:22"}
{"level":"info","message":"Created client session a27f768a1a11aa9b17e02b45","timestamp":"2024-08-09 21:00:42"}
{"level":"info","message":"Created client session 4804817f040b8983f18b0e12","timestamp":"2024-08-09 21:01:27"}
{"level":"info","message":"Created client session 8a52611ecedda7dc9fc5c9ab","timestamp":"2024-08-09 21:01:57"}
{"level":"info","message":"Created client session 2ddff280023efd74b9ef67d7","timestamp":"2024-08-09 21:03:03"}
{"level":"info","message":"Created client session 3a26a7a8047f34c6ae9186b4","timestamp":"2024-08-09 21:05:19"}
{"ip":"::ffff:70.119.232.97","level":"info","message":"User authentication successful for user CrazyEyes","session":"3a26a7a8047f34c6ae9186b4","timestamp":"2024-08-09 21:05:25"}
{"level":"warn","message":"The world \"empire-divided\" contains \"dependencies\" which is deprecated in favor of \"relationships.requires\"\nDeprecated since Version 10\nBackwards-compatible support will be removed in Version 13","timestamp":"2024-08-09 21:05:26"}
{"level":"warn","message":"The world \"empire-divided\" is using the old flat core compatibility fields which are deprecated in favor of the new \"compatibility\" object\nDeprecated since Version 10\nBackwards-compatible support will be removed in Version 13","timestamp":"2024-08-09 21:05:26"}
{"level":"warn","message":"The world \"test\" contains \"dependencies\" which is deprecated in favor of \"relationships.requires\"\nDeprecated since Version 10\nBackwards-compatible support will be removed in Version 13","timestamp":"2024-08-09 21:05:26"}
{"level":"warn","message":"The world \"test\" is using the old flat core compatibility fields which are deprecated in favor of the new \"compatibility\" object\nDeprecated since Version 10\nBackwards-compatible support will be removed in Version 13","timestamp":"2024-08-09 21:05:26"}
{"level":"info","message":"No system update for Heart - The City Beneath is currently available.","timestamp":"2024-08-09 21:05:27"}
{"level":"info","message":"Vended World data to User [xSxvWh0iZqjKfDXe] in 670ms","timestamp":"2024-08-09 21:05:27"}
{"level":"info","message":"temple_of_the_moon.png saved to systems/heart/assets/landmarks","timestamp":"2024-08-09 21:05:41"}
{"level":"info","message":"temple_of_the_moon_transparent.png saved to systems/heart/assets/landmarks","timestamp":"2024-08-09 21:16:20"}
{"level":"info","message":"Heart Map - Full Res.png saved to systems/heart/assets","timestamp":"2024-08-09 21:41:20"}
{"level":"info","message":"Extracted base64 asset: \"/home/crazyeyes/.local/share/FoundryVTT/Data/worlds/heart-the-city-beneath/assets/scenes/sIcl6SwN4pkAQz3W-thumb.webp\"","timestamp":"2024-08-09 21:41:32"}
{"level":"info","message":"Created Folder with id [VzMrD39noqB2RKfX]","timestamp":"2024-08-09 21:47:45"}
{"level":"info","message":"Created Folder with id [YlCXgZbOfwaB9joK]","timestamp":"2024-08-09 21:48:07"}
{"level":"info","message":"Created Folder with id [DRigOUrvi4nea9Us]","timestamp":"2024-08-09 21:48:54"}
{"level":"info","message":"Created Folder with id [KOuwmNK3JM5FkLwc]","timestamp":"2024-08-09 21:49:10"}
{"level":"info","message":"Cursed.png saved to systems/heart/assets/tokens/landmarks","timestamp":"2024-08-09 22:00:51"}
{"level":"info","message":"Desolate.png saved to systems/heart/assets/tokens/landmarks","timestamp":"2024-08-09 22:00:54"}
{"level":"info","message":"Haven.png saved to systems/heart/assets/tokens/landmarks","timestamp":"2024-08-09 22:00:56"}
{"level":"info","message":"Occult.png saved to systems/heart/assets/tokens/landmarks","timestamp":"2024-08-09 22:00:58"}
{"level":"info","message":"Religion.png saved to systems/heart/assets/tokens/landmarks","timestamp":"2024-08-09 22:01:00"}
{"level":"info","message":"Technology.png saved to systems/heart/assets/tokens/landmarks","timestamp":"2024-08-09 22:01:02"}
{"level":"info","message":"Warren.png saved to systems/heart/assets/tokens/landmarks","timestamp":"2024-08-09 22:01:04"}
{"level":"info","message":"Wild.png saved to systems/heart/assets/tokens/landmarks","timestamp":"2024-08-09 22:01:05"}
{"level":"info","message":"Created Token with id [t8AO5DKPvF8iAkRz] in parent Scene [sIcl6SwN4pkAQz3W]","timestamp":"2024-08-09 22:03:21"}
{"level":"info","message":"Created Token with id [uujy8BvkRJjgkGrj] in parent Scene [sIcl6SwN4pkAQz3W]","timestamp":"2024-08-09 22:06:18"}
{"level":"info","message":"Created Token with id [vQQidjqPCa25kBFA] in parent Scene [sIcl6SwN4pkAQz3W]","timestamp":"2024-08-09 22:06:23"}
{"level":"info","message":"Created Token with id [UXpVgdtkfw8g8DXU] in parent Scene [sIcl6SwN4pkAQz3W]","timestamp":"2024-08-09 22:06:47"}
{"level":"info","message":"Deleted Token with id [UXpVgdtkfw8g8DXU] in parent Scene [sIcl6SwN4pkAQz3W]","timestamp":"2024-08-09 22:06:50"}
{"level":"info","message":"Created Token with id [B48NM2tzpGoKXxdW] in parent Scene [sIcl6SwN4pkAQz3W]","timestamp":"2024-08-09 22:07:31"}
{"level":"info","message":"Created Actor with id [sgGXGijQKcMYD8EJ]","timestamp":"2024-08-09 22:09:01"}
{"level":"info","message":"Delve 1.png saved to systems/heart/assets/tokens/delves","timestamp":"2024-08-09 22:09:41"}
{"level":"info","message":"Delve 2.png saved to systems/heart/assets/tokens/delves","timestamp":"2024-08-09 22:09:44"}
{"level":"info","message":"Delve 3.png saved to systems/heart/assets/tokens/delves","timestamp":"2024-08-09 22:09:46"}
{"level":"info","message":"Delve 4.png saved to systems/heart/assets/tokens/delves","timestamp":"2024-08-09 22:09:48"}
{"level":"info","message":"Delve 5.png saved to systems/heart/assets/tokens/delves","timestamp":"2024-08-09 22:09:49"}
{"level":"info","message":"Delve 6.png saved to systems/heart/assets/tokens/delves","timestamp":"2024-08-09 22:09:51"}
{"level":"info","message":"Delve 7.png saved to systems/heart/assets/tokens/delves","timestamp":"2024-08-09 22:09:53"}
{"level":"info","message":"Created Token with id [ki8acb93jUcGT6uO] in parent Scene [sIcl6SwN4pkAQz3W]","timestamp":"2024-08-09 22:10:45"}
{"level":"info","message":"Created Actor with id [5bFusrHKQWTq9Uh9]","timestamp":"2024-08-09 22:20:13"}
{"level":"info","message":"Created Token with id [4dKymSO2rFWka9gn] in parent Scene [sIcl6SwN4pkAQz3W]","timestamp":"2024-08-09 22:23:29"}
{"level":"info","message":"Created Folder with id [IJBkqYFroBZYHKnP]","timestamp":"2024-08-09 22:25:02"}
{"level":"info","message":"Created Actor with id [zcK1AU1lzX85oyPr]","timestamp":"2024-08-09 22:25:16"}
{"level":"info","message":"Created Item with id [ZY5djKu1ZMSk6B9g] in parent Actor [zcK1AU1lzX85oyPr]","timestamp":"2024-08-09 22:26:45"}
{"level":"info","message":"Created Folder with id [T7zF6iFSPVq6LP29]","timestamp":"2024-08-09 22:29:41"}
{"level":"info","message":"Created Item with id [jwDgXrP797swGvxE]","timestamp":"2024-08-09 22:29:59"}
{"level":"info","message":"Created Item with id [7Q6sghl6qrmFIBVm]","timestamp":"2024-08-09 22:30:08"}
{"level":"info","message":"Created Item with id [jMKvJH8upCzDjnUz]","timestamp":"2024-08-09 22:30:14"}
{"level":"info","message":"Created Item with id [j7JDe1ctexmHFrSw]","timestamp":"2024-08-09 22:30:24"}
{"level":"info","message":"Created Item with id [r610dsWndflysBlY] in parent Actor [zcK1AU1lzX85oyPr]","timestamp":"2024-08-09 22:30:30"}
{"level":"info","message":"Deleted Item with id [r610dsWndflysBlY] in parent Actor [zcK1AU1lzX85oyPr]","timestamp":"2024-08-09 22:30:36"}
{"level":"info","message":"Created Item with id [7sSW7wHSL0yM1tUz] in parent Actor [zcK1AU1lzX85oyPr]","timestamp":"2024-08-09 22:31:06"}
{"level":"info","message":"Created Actor with id [fZaezTxSxVsRJsw3]","timestamp":"2024-08-09 22:35:23"}
{"level":"info","message":"grip_station_transparent.png saved to systems/heart/assets/landmarks","timestamp":"2024-08-09 22:35:36"}
{"level":"info","message":"Created Item with id [uH9QnIciIr9RCOy0] in parent Actor [fZaezTxSxVsRJsw3]","timestamp":"2024-08-09 22:36:17"}
{"level":"info","message":"Created Item with id [H8XTKMzRYUynisRg] in parent Actor [fZaezTxSxVsRJsw3]","timestamp":"2024-08-09 22:36:46"}
{"level":"info","message":"Created Item with id [DRQA8dL2xHDaT87d] in parent Actor [fZaezTxSxVsRJsw3]","timestamp":"2024-08-09 22:37:12"}
{"level":"info","message":"Created client session f9a0db83e99b3bea5eb8b845","timestamp":"2024-08-09 23:17:11"}
