{"message":"Package wfrp4e-e4e declares an invalid language object in its manifest file","level":"error","timestamp":"2021-03-09 23:26:06"}
{"message":"Package wfrp4e-exporter declares an invalid language object in its manifest file","level":"error","timestamp":"2021-03-09 23:26:06"}
{"message":"Package wfrp4e-night-of-blood declares an invalid language object in its manifest file","level":"error","timestamp":"2021-03-09 23:26:06"}
{"message":"Package wfrp4e-e4e declares an invalid language object in its manifest file","level":"error","timestamp":"2021-03-11 10:26:51"}
{"message":"Package wfrp4e-exporter declares an invalid language object in its manifest file","level":"error","timestamp":"2021-03-11 10:26:51"}
{"message":"Package wfrp4e-night-of-blood declares an invalid language object in its manifest file","level":"error","timestamp":"2021-03-11 10:26:51"}
{"message":"Package wfrp4e-e4e declares an invalid language object in its manifest file","level":"error","timestamp":"2021-03-11 10:39:53"}
{"message":"Package wfrp4e-exporter declares an invalid language object in its manifest file","level":"error","timestamp":"2021-03-11 10:39:53"}
{"message":"Package wfrp4e-night-of-blood declares an invalid language object in its manifest file","level":"error","timestamp":"2021-03-11 10:39:53"}
{"message":"Package wfrp4e-e4e declares an invalid language object in its manifest file","level":"error","timestamp":"2021-03-11 10:43:26"}
{"message":"Package wfrp4e-exporter declares an invalid language object in its manifest file","level":"error","timestamp":"2021-03-11 10:43:26"}
{"message":"Package wfrp4e-night-of-blood declares an invalid language object in its manifest file","level":"error","timestamp":"2021-03-11 10:43:26"}
{"message":"Package wfrp4e-e4e declares an invalid language object in its manifest file","level":"error","timestamp":"2021-03-14 12:24:05"}
{"message":"Package wfrp4e-exporter declares an invalid language object in its manifest file","level":"error","timestamp":"2021-03-14 12:24:05"}
{"message":"Package wfrp4e-night-of-blood declares an invalid language object in its manifest file","level":"error","timestamp":"2021-03-14 12:24:05"}
{"level":"error","timestamp":"2021-03-14 12:57:58","message":"User Josh lacks permission to update Item 6n4HLGr2z3F6ViSY","stack":"Error: User Josh lacks permission to update Item 6n4HLGr2z3F6ViSY\n    at Function._onUpdate (/home/crazyeyes/foundry/resources/app/dist/database/odm/document.js:1:8099)\n    at async Socket.handleEvent (/home/crazyeyes/foundry/resources/app/dist/sockets.js:1:2262)"}
{"message":"Package wfrp4e-e4e declares an invalid language object in its manifest file","level":"error","timestamp":"2021-03-14 22:23:07"}
{"message":"Package wfrp4e-exporter declares an invalid language object in its manifest file","level":"error","timestamp":"2021-03-14 22:23:07"}
{"message":"Package wfrp4e-night-of-blood declares an invalid language object in its manifest file","level":"error","timestamp":"2021-03-14 22:23:07"}
{"level":"error","timestamp":"2021-03-14 22:39:28","message":"User Crazyeyes lacks permission to delete Tokens in parent A2OOcnAHLLPzflwP","stack":"Error: User Crazyeyes lacks permission to delete Tokens in parent A2OOcnAHLLPzflwP\n    at Function._onDelete (/home/crazyeyes/foundry/resources/app/dist/database/odm/embedded.js:1:9048)"}
{"message":"Package wfrp4e-e4e declares an invalid language object in its manifest file","level":"error","timestamp":"2021-03-21 12:07:58"}
{"message":"Package wfrp4e-exporter declares an invalid language object in its manifest file","level":"error","timestamp":"2021-03-21 12:07:58"}
{"message":"Package wfrp4e-night-of-blood declares an invalid language object in its manifest file","level":"error","timestamp":"2021-03-21 12:07:58"}
{"message":"Package wfrp4e-e4e declares an invalid language object in its manifest file","level":"error","timestamp":"2021-03-21 12:23:07"}
{"message":"Package wfrp4e-exporter declares an invalid language object in its manifest file","level":"error","timestamp":"2021-03-21 12:23:07"}
{"message":"Package wfrp4e-night-of-blood declares an invalid language object in its manifest file","level":"error","timestamp":"2021-03-21 12:23:07"}
{"level":"error","timestamp":"2021-03-21 15:09:02","message":"User Crazyeyes lacks permission to update Actor fcIUXb2sCaEDcomN","stack":"Error: User Crazyeyes lacks permission to update Actor fcIUXb2sCaEDcomN\n    at Function._onUpdate (/home/crazyeyes/foundry/resources/app/dist/database/odm/document.js:1:8099)\n    at async Socket.handleEvent (/home/crazyeyes/foundry/resources/app/dist/sockets.js:1:2262)"}
{"level":"error","timestamp":"2021-03-21 15:09:02","message":"User Crazyeyes lacks permission to update Combat mrXXuB1a9Felo15I","stack":"Error: User Crazyeyes lacks permission to update Combat mrXXuB1a9Felo15I\n    at Function._onUpdate (/home/crazyeyes/foundry/resources/app/dist/database/odm/document.js:1:8099)\n    at async Socket.handleEvent (/home/crazyeyes/foundry/resources/app/dist/sockets.js:1:2262)"}
{"level":"error","timestamp":"2021-03-21 15:09:02","message":"User Josh lacks permission to update Actor fcIUXb2sCaEDcomN","stack":"Error: User Josh lacks permission to update Actor fcIUXb2sCaEDcomN\n    at Function._onUpdate (/home/crazyeyes/foundry/resources/app/dist/database/odm/document.js:1:8099)\n    at async Socket.handleEvent (/home/crazyeyes/foundry/resources/app/dist/sockets.js:1:2262)"}
{"level":"error","timestamp":"2021-03-21 15:09:02","message":"User Josh lacks permission to update Combat mrXXuB1a9Felo15I","stack":"Error: User Josh lacks permission to update Combat mrXXuB1a9Felo15I\n    at Function._onUpdate (/home/crazyeyes/foundry/resources/app/dist/database/odm/document.js:1:8099)\n    at async Socket.handleEvent (/home/crazyeyes/foundry/resources/app/dist/sockets.js:1:2262)"}
{"level":"error","timestamp":"2021-03-21 15:09:02","message":"User Terra lacks permission to update Combat mrXXuB1a9Felo15I","stack":"Error: User Terra lacks permission to update Combat mrXXuB1a9Felo15I\n    at Function._onUpdate (/home/crazyeyes/foundry/resources/app/dist/database/odm/document.js:1:8099)\n    at async Socket.handleEvent (/home/crazyeyes/foundry/resources/app/dist/sockets.js:1:2262)"}
{"message":"Package wfrp4e-e4e declares an invalid language object in its manifest file","level":"error","timestamp":"2021-03-28 11:47:13"}
{"message":"Package wfrp4e-exporter declares an invalid language object in its manifest file","level":"error","timestamp":"2021-03-28 11:47:13"}
{"message":"Package wfrp4e-night-of-blood declares an invalid language object in its manifest file","level":"error","timestamp":"2021-03-28 11:47:13"}
{"level":"error","timestamp":"2021-03-28 11:51:34","message":"User Crazyeyes lacks permission to update Actor 33I1uKhdo2NIan2w","stack":"Error: User Crazyeyes lacks permission to update Actor 33I1uKhdo2NIan2w\n    at Function._onUpdate (/home/crazyeyes/foundry/resources/app/dist/database/odm/document.js:1:8099)\n    at async Socket.handleEvent (/home/crazyeyes/foundry/resources/app/dist/sockets.js:1:2262)"}
{"level":"error","timestamp":"2021-03-28 11:51:34","message":"User Josh lacks permission to update Actor 33I1uKhdo2NIan2w","stack":"Error: User Josh lacks permission to update Actor 33I1uKhdo2NIan2w\n    at Function._onUpdate (/home/crazyeyes/foundry/resources/app/dist/database/odm/document.js:1:8099)\n    at async Socket.handleEvent (/home/crazyeyes/foundry/resources/app/dist/sockets.js:1:2262)"}
{"errno":-1,"code":"ECOMPROMISED","syscall":"utime","path":"/home/sftp/sftp1/FoundryVTT/Config/options.json.lock","level":"error","timestamp":"2021-03-28 16:36:38","message":"EPERM: operation not permitted, utime '/home/sftp/sftp1/FoundryVTT/Config/options.json.lock'","stack":"Error: EPERM: operation not permitted, utime '/home/sftp/sftp1/FoundryVTT/Config/options.json.lock'"}
{"message":"Package wfrp4e-e4e declares an invalid language object in its manifest file","level":"error","timestamp":"2021-03-28 16:53:49"}
{"message":"Package wfrp4e-exporter declares an invalid language object in its manifest file","level":"error","timestamp":"2021-03-28 16:53:49"}
{"message":"Package wfrp4e-night-of-blood declares an invalid language object in its manifest file","level":"error","timestamp":"2021-03-28 16:53:49"}
{"message":"Package wfrp4e-e4e declares an invalid language object in its manifest file","level":"error","timestamp":"2021-03-28 16:53:52"}
{"message":"Package wfrp4e-exporter declares an invalid language object in its manifest file","level":"error","timestamp":"2021-03-28 16:53:52"}
{"message":"Package wfrp4e-night-of-blood declares an invalid language object in its manifest file","level":"error","timestamp":"2021-03-28 16:53:52"}
{"errno":-1,"code":"ECOMPROMISED","syscall":"utime","path":"/home/sftp/sftp1/FoundryVTT/Config/options.json.lock","level":"error","timestamp":"2021-03-28 16:57:13","message":"EPERM: operation not permitted, utime '/home/sftp/sftp1/FoundryVTT/Config/options.json.lock'","stack":"Error: EPERM: operation not permitted, utime '/home/sftp/sftp1/FoundryVTT/Config/options.json.lock'"}
{"level":"error","timestamp":"2021-03-28 16:57:37","message":"EACCES: permission denied, open '/home/sftp/sftp1/FoundryVTT/Data/worlds/empire-divided/data/chat.db'","stack":"Error: EACCES: permission denied, open '/home/sftp/sftp1/FoundryVTT/Data/worlds/empire-divided/data/chat.db'"}
{"level":"error","timestamp":"2021-03-28 16:57:39","message":"EACCES: permission denied, open '/home/sftp/sftp1/FoundryVTT/Data/worlds/empire-divided/data/chat.db'","stack":"Error: EACCES: permission denied, open '/home/sftp/sftp1/FoundryVTT/Data/worlds/empire-divided/data/chat.db'"}
{"level":"error","timestamp":"2021-03-28 16:57:48","message":"EACCES: permission denied, open '/home/sftp/sftp1/FoundryVTT/Data/worlds/empire-divided/data/chat.db'","stack":"Error: EACCES: permission denied, open '/home/sftp/sftp1/FoundryVTT/Data/worlds/empire-divided/data/chat.db'"}
{"level":"error","timestamp":"2021-03-28 16:57:51","message":"EACCES: permission denied, open '/home/sftp/sftp1/FoundryVTT/Data/worlds/empire-divided/data/chat.db'","stack":"Error: EACCES: permission denied, open '/home/sftp/sftp1/FoundryVTT/Data/worlds/empire-divided/data/chat.db'"}
{"level":"error","timestamp":"2021-03-28 16:58:06","message":"EACCES: permission denied, open '/home/sftp/sftp1/FoundryVTT/Data/worlds/empire-divided/data/chat.db'","stack":"Error: EACCES: permission denied, open '/home/sftp/sftp1/FoundryVTT/Data/worlds/empire-divided/data/chat.db'"}
{"level":"error","timestamp":"2021-03-28 16:58:13","message":"EACCES: permission denied, open '/home/sftp/sftp1/FoundryVTT/Data/worlds/empire-divided/data/chat.db'","stack":"Error: EACCES: permission denied, open '/home/sftp/sftp1/FoundryVTT/Data/worlds/empire-divided/data/chat.db'"}
{"level":"error","timestamp":"2021-03-28 16:58:18","message":"EACCES: permission denied, open '/home/sftp/sftp1/FoundryVTT/Data/worlds/empire-divided/data/chat.db'","stack":"Error: EACCES: permission denied, open '/home/sftp/sftp1/FoundryVTT/Data/worlds/empire-divided/data/chat.db'"}
{"level":"error","timestamp":"2021-03-28 16:58:19","message":"EACCES: permission denied, open '/home/sftp/sftp1/FoundryVTT/Data/worlds/empire-divided/data/chat.db'","stack":"Error: EACCES: permission denied, open '/home/sftp/sftp1/FoundryVTT/Data/worlds/empire-divided/data/chat.db'"}
{"level":"error","timestamp":"2021-03-28 16:58:32","message":"EACCES: permission denied, open '/home/sftp/sftp1/FoundryVTT/Data/worlds/empire-divided/data/chat.db'","stack":"Error: EACCES: permission denied, open '/home/sftp/sftp1/FoundryVTT/Data/worlds/empire-divided/data/chat.db'"}
{"level":"error","timestamp":"2021-03-28 16:58:38","message":"EACCES: permission denied, open '/home/sftp/sftp1/FoundryVTT/Data/worlds/empire-divided/data/chat.db'","stack":"Error: EACCES: permission denied, open '/home/sftp/sftp1/FoundryVTT/Data/worlds/empire-divided/data/chat.db'"}
{"level":"error","timestamp":"2021-03-28 16:59:15","message":"EACCES: permission denied, open '/home/sftp/sftp1/FoundryVTT/Data/worlds/empire-divided/data/chat.db'","stack":"Error: EACCES: permission denied, open '/home/sftp/sftp1/FoundryVTT/Data/worlds/empire-divided/data/chat.db'"}
{"level":"error","timestamp":"2021-03-28 16:59:21","message":"EACCES: permission denied, open '/home/sftp/sftp1/FoundryVTT/Data/worlds/empire-divided/data/chat.db'","stack":"Error: EACCES: permission denied, open '/home/sftp/sftp1/FoundryVTT/Data/worlds/empire-divided/data/chat.db'"}
{"message":"Package wfrp4e-e4e declares an invalid language object in its manifest file","level":"error","timestamp":"2021-03-28 17:00:17"}
{"message":"Package wfrp4e-exporter declares an invalid language object in its manifest file","level":"error","timestamp":"2021-03-28 17:00:17"}
{"message":"Package wfrp4e-night-of-blood declares an invalid language object in its manifest file","level":"error","timestamp":"2021-03-28 17:00:17"}
{"level":"error","timestamp":"2021-03-28 17:06:26","message":"EACCES: permission denied, open '/home/sftp/sftp1/FoundryVTT/Data/worlds/empire-divided/data/items.db'","stack":"Error: EACCES: permission denied, open '/home/sftp/sftp1/FoundryVTT/Data/worlds/empire-divided/data/items.db'"}
{"level":"error","timestamp":"2021-03-28 17:06:26","message":"EACCES: permission denied, open '/home/sftp/sftp1/FoundryVTT/Data/worlds/empire-divided/data/items.db'","stack":"Error: EACCES: permission denied, open '/home/sftp/sftp1/FoundryVTT/Data/worlds/empire-divided/data/items.db'"}
{"errno":-13,"code":"ECOMPROMISED","syscall":"stat","path":"/home/sftp/sftp1/FoundryVTT/Config/options.json.lock","level":"error","timestamp":"2021-03-28 17:06:32","message":"EACCES: permission denied, stat '/home/sftp/sftp1/FoundryVTT/Config/options.json.lock'","stack":"Error: EACCES: permission denied, stat '/home/sftp/sftp1/FoundryVTT/Config/options.json.lock'"}
{"level":"error","timestamp":"2021-03-28 17:06:32","message":"EACCES: permission denied, open '/home/sftp/sftp1/FoundryVTT/Data/worlds/empire-divided/data/chat.db'","stack":"Error: EACCES: permission denied, open '/home/sftp/sftp1/FoundryVTT/Data/worlds/empire-divided/data/chat.db'"}
{"level":"error","timestamp":"2021-03-28 17:06:48","message":"EACCES: permission denied, open '/home/sftp/sftp1/FoundryVTT/Data/worlds/empire-divided/data/items.db'","stack":"Error: EACCES: permission denied, open '/home/sftp/sftp1/FoundryVTT/Data/worlds/empire-divided/data/items.db'"}
{"level":"error","timestamp":"2021-03-28 17:06:52","message":"EACCES: permission denied, open '/home/sftp/sftp1/FoundryVTT/Data/worlds/empire-divided/data/items.db'","stack":"Error: EACCES: permission denied, open '/home/sftp/sftp1/FoundryVTT/Data/worlds/empire-divided/data/items.db'"}
{"message":"Package wfrp4e-e4e declares an invalid language object in its manifest file","level":"error","timestamp":"2021-03-28 17:09:42"}
{"message":"Package wfrp4e-exporter declares an invalid language object in its manifest file","level":"error","timestamp":"2021-03-28 17:09:42"}
{"message":"Package wfrp4e-night-of-blood declares an invalid language object in its manifest file","level":"error","timestamp":"2021-03-28 17:09:42"}
{"message":"Package wfrp4e-e4e declares an invalid language object in its manifest file","level":"error","timestamp":"2021-03-28 17:12:12"}
{"message":"Package wfrp4e-exporter declares an invalid language object in its manifest file","level":"error","timestamp":"2021-03-28 17:12:12"}
{"message":"Package wfrp4e-night-of-blood declares an invalid language object in its manifest file","level":"error","timestamp":"2021-03-28 17:12:12"}
{"message":"Package wfrp4e-e4e declares an invalid language object in its manifest file","level":"error","timestamp":"2021-04-04 11:13:03"}
{"message":"Package wfrp4e-exporter declares an invalid language object in its manifest file","level":"error","timestamp":"2021-04-04 11:13:03"}
{"message":"Package wfrp4e-night-of-blood declares an invalid language object in its manifest file","level":"error","timestamp":"2021-04-04 11:13:03"}
{"message":"Package wfrp4e-e4e declares an invalid language object in its manifest file","level":"error","timestamp":"2021-04-04 11:13:56"}
{"message":"Package wfrp4e-exporter declares an invalid language object in its manifest file","level":"error","timestamp":"2021-04-04 11:13:56"}
{"message":"Package wfrp4e-night-of-blood declares an invalid language object in its manifest file","level":"error","timestamp":"2021-04-04 11:13:56"}
{"level":"error","timestamp":"2021-04-04 11:22:45","message":"User Josh lacks permission to update Actor UG7b2USo3JCbhZ7A","stack":"Error: User Josh lacks permission to update Actor UG7b2USo3JCbhZ7A\n    at Function._onUpdate (/home/crazyeyes/foundry/resources/app/dist/database/odm/document.js:1:8099)\n    at async Socket.handleEvent (/home/crazyeyes/foundry/resources/app/dist/sockets.js:1:2262)"}
{"message":"Package wfrp4e-e4e declares an invalid language object in its manifest file","level":"error","timestamp":"2021-04-04 22:24:15"}
{"message":"Package wfrp4e-exporter declares an invalid language object in its manifest file","level":"error","timestamp":"2021-04-04 22:24:15"}
{"message":"Package wfrp4e-night-of-blood declares an invalid language object in its manifest file","level":"error","timestamp":"2021-04-04 22:24:15"}
{"message":"Package wfrp4e-e4e declares an invalid language object in its manifest file","level":"error","timestamp":"2021-04-11 11:02:45"}
{"message":"Package wfrp4e-exporter declares an invalid language object in its manifest file","level":"error","timestamp":"2021-04-11 11:02:45"}
{"message":"Package wfrp4e-night-of-blood declares an invalid language object in its manifest file","level":"error","timestamp":"2021-04-11 11:02:45"}
{"level":"error","timestamp":"2021-04-11 12:21:48","message":"User Crazyeyes lacks permission to update Actor g36GSnUHcHqYBVIg","stack":"Error: User Crazyeyes lacks permission to update Actor g36GSnUHcHqYBVIg\n    at Function._onUpdate (/home/crazyeyes/foundry/resources/app/dist/database/odm/document.js:1:8099)\n    at async Socket.handleEvent (/home/crazyeyes/foundry/resources/app/dist/sockets.js:1:2262)"}
{"level":"error","timestamp":"2021-04-11 12:21:48","message":"User Terra lacks permission to update Actor g36GSnUHcHqYBVIg","stack":"Error: User Terra lacks permission to update Actor g36GSnUHcHqYBVIg\n    at Function._onUpdate (/home/crazyeyes/foundry/resources/app/dist/database/odm/document.js:1:8099)\n    at async Socket.handleEvent (/home/crazyeyes/foundry/resources/app/dist/sockets.js:1:2262)"}
{"level":"error","timestamp":"2021-04-11 12:21:51","message":"User Crazyeyes lacks permission to update Actor g36GSnUHcHqYBVIg","stack":"Error: User Crazyeyes lacks permission to update Actor g36GSnUHcHqYBVIg\n    at Function._onUpdate (/home/crazyeyes/foundry/resources/app/dist/database/odm/document.js:1:8099)\n    at async Socket.handleEvent (/home/crazyeyes/foundry/resources/app/dist/sockets.js:1:2262)"}
{"level":"error","timestamp":"2021-04-11 12:21:51","message":"User Terra lacks permission to update Actor g36GSnUHcHqYBVIg","stack":"Error: User Terra lacks permission to update Actor g36GSnUHcHqYBVIg\n    at Function._onUpdate (/home/crazyeyes/foundry/resources/app/dist/database/odm/document.js:1:8099)\n    at async Socket.handleEvent (/home/crazyeyes/foundry/resources/app/dist/sockets.js:1:2262)"}
{"level":"error","timestamp":"2021-04-11 13:11:59","message":"User Terra lacks permission to update ChatMessage hbF9dx1Ez50lTFfX","stack":"Error: User Terra lacks permission to update ChatMessage hbF9dx1Ez50lTFfX\n    at Function._onUpdate (/home/crazyeyes/foundry/resources/app/dist/database/odm/document.js:1:8099)\n    at async Socket.handleEvent (/home/crazyeyes/foundry/resources/app/dist/sockets.js:1:2262)"}
{"message":"Package wfrp4e-e4e declares an invalid language object in its manifest file","level":"error","timestamp":"2021-04-18 11:22:09"}
{"message":"Package wfrp4e-exporter declares an invalid language object in its manifest file","level":"error","timestamp":"2021-04-18 11:22:09"}
{"message":"Package wfrp4e-night-of-blood declares an invalid language object in its manifest file","level":"error","timestamp":"2021-04-18 11:22:09"}
{"level":"error","timestamp":"2021-04-18 16:04:28","message":"User Terra lacks permission to update ChatMessage zGqAh1ScSfZxtzrb","stack":"Error: User Terra lacks permission to update ChatMessage zGqAh1ScSfZxtzrb\n    at Function._onUpdate (/home/crazyeyes/foundry/resources/app/dist/database/odm/document.js:1:8099)\n    at async Socket.handleEvent (/home/crazyeyes/foundry/resources/app/dist/sockets.js:1:2262)"}
{"level":"error","timestamp":"2021-04-18 16:07:52","message":"User Terra lacks permission to update ChatMessage ggV50pUOyI2KhySn","stack":"Error: User Terra lacks permission to update ChatMessage ggV50pUOyI2KhySn\n    at Function._onUpdate (/home/crazyeyes/foundry/resources/app/dist/database/odm/document.js:1:8099)\n    at async Socket.handleEvent (/home/crazyeyes/foundry/resources/app/dist/sockets.js:1:2262)"}
{"level":"error","timestamp":"2021-04-18 16:54:34","message":"User Crazyeyes lacks permission to update Actor BNxW5IDuKy9Yws0J","stack":"Error: User Crazyeyes lacks permission to update Actor BNxW5IDuKy9Yws0J\n    at Function._onUpdate (/home/crazyeyes/foundry/resources/app/dist/database/odm/document.js:1:8099)\n    at async Socket.handleEvent (/home/crazyeyes/foundry/resources/app/dist/sockets.js:1:2262)"}
{"level":"error","timestamp":"2021-04-18 16:54:34","message":"User Crazyeyes lacks permission to update Combat 1YVskecobCxKoEl6","stack":"Error: User Crazyeyes lacks permission to update Combat 1YVskecobCxKoEl6\n    at Function._onUpdate (/home/crazyeyes/foundry/resources/app/dist/database/odm/document.js:1:8099)\n    at async Socket.handleEvent (/home/crazyeyes/foundry/resources/app/dist/sockets.js:1:2262)"}
{"level":"error","timestamp":"2021-04-18 16:54:34","message":"User Terra lacks permission to update Actor BNxW5IDuKy9Yws0J","stack":"Error: User Terra lacks permission to update Actor BNxW5IDuKy9Yws0J\n    at Function._onUpdate (/home/crazyeyes/foundry/resources/app/dist/database/odm/document.js:1:8099)\n    at async Socket.handleEvent (/home/crazyeyes/foundry/resources/app/dist/sockets.js:1:2262)"}
{"level":"error","timestamp":"2021-04-18 16:54:34","message":"User Terra lacks permission to update Combat 1YVskecobCxKoEl6","stack":"Error: User Terra lacks permission to update Combat 1YVskecobCxKoEl6\n    at Function._onUpdate (/home/crazyeyes/foundry/resources/app/dist/database/odm/document.js:1:8099)\n    at async Socket.handleEvent (/home/crazyeyes/foundry/resources/app/dist/sockets.js:1:2262)"}
{"level":"error","timestamp":"2021-04-18 16:54:34","message":"User Josh lacks permission to update Combat 1YVskecobCxKoEl6","stack":"Error: User Josh lacks permission to update Combat 1YVskecobCxKoEl6\n    at Function._onUpdate (/home/crazyeyes/foundry/resources/app/dist/database/odm/document.js:1:8099)\n    at async Socket.handleEvent (/home/crazyeyes/foundry/resources/app/dist/sockets.js:1:2262)"}
{"level":"error","timestamp":"2021-04-18 17:51:56","message":"User Josh lacks permission to create a new OwnedItem in parent Actor fcIUXb2sCaEDcomN","stack":"Error: User Josh lacks permission to create a new OwnedItem in parent Actor fcIUXb2sCaEDcomN\n    at Function._onCreate (/home/crazyeyes/foundry/resources/app/dist/database/odm/embedded.js:1:6398)"}
{"message":"Package wfrp4e-e4e declares an invalid language object in its manifest file","level":"error","timestamp":"2021-04-18 18:55:59"}
{"message":"Package wfrp4e-exporter declares an invalid language object in its manifest file","level":"error","timestamp":"2021-04-18 18:55:59"}
{"message":"Package wfrp4e-night-of-blood declares an invalid language object in its manifest file","level":"error","timestamp":"2021-04-18 18:55:59"}
{"message":"Package wfrp4e-e4e declares an invalid language object in its manifest file","level":"error","timestamp":"2021-04-25 11:14:57"}
{"message":"Package wfrp4e-exporter declares an invalid language object in its manifest file","level":"error","timestamp":"2021-04-25 11:14:57"}
{"message":"Package wfrp4e-night-of-blood declares an invalid language object in its manifest file","level":"error","timestamp":"2021-04-25 11:14:57"}
{"message":"Package wfrp4e-e4e declares an invalid language object in its manifest file","level":"error","timestamp":"2021-04-25 11:23:31"}
{"message":"Package wfrp4e-exporter declares an invalid language object in its manifest file","level":"error","timestamp":"2021-04-25 11:23:31"}
{"message":"Package wfrp4e-night-of-blood declares an invalid language object in its manifest file","level":"error","timestamp":"2021-04-25 11:23:31"}
{"message":"Package wfrp4e-e4e declares an invalid language object in its manifest file","level":"error","timestamp":"2021-04-25 11:24:23"}
{"message":"Package wfrp4e-exporter declares an invalid language object in its manifest file","level":"error","timestamp":"2021-04-25 11:24:23"}
{"message":"Package wfrp4e-night-of-blood declares an invalid language object in its manifest file","level":"error","timestamp":"2021-04-25 11:24:23"}
{"message":"Package wfrp4e-e4e declares an invalid language object in its manifest file","level":"error","timestamp":"2021-05-02 11:14:18"}
{"message":"Package wfrp4e-exporter declares an invalid language object in its manifest file","level":"error","timestamp":"2021-05-02 11:14:18"}
{"message":"Package wfrp4e-night-of-blood declares an invalid language object in its manifest file","level":"error","timestamp":"2021-05-02 11:14:18"}
{"message":"Package wfrp4e-e4e declares an invalid language object in its manifest file","level":"error","timestamp":"2021-05-02 11:14:24"}
{"message":"Package wfrp4e-exporter declares an invalid language object in its manifest file","level":"error","timestamp":"2021-05-02 11:14:24"}
{"message":"Package wfrp4e-night-of-blood declares an invalid language object in its manifest file","level":"error","timestamp":"2021-05-02 11:14:24"}
{"message":"Package wfrp4e-e4e declares an invalid language object in its manifest file","level":"error","timestamp":"2021-05-02 11:15:08"}
{"message":"Package wfrp4e-exporter declares an invalid language object in its manifest file","level":"error","timestamp":"2021-05-02 11:15:08"}
{"message":"Package wfrp4e-night-of-blood declares an invalid language object in its manifest file","level":"error","timestamp":"2021-05-02 11:15:08"}
{"level":"error","timestamp":"2021-05-02 13:36:12","message":"Required field content not present in ChatMessage.","stack":"Error: Required field content not present in ChatMessage.\n    at ChatMessage._validateRequiredField (/home/crazyeyes/foundry/resources/app/dist/database/odm/abstract.js:1:4323)\n    at ChatMessage.validate (/home/crazyeyes/foundry/resources/app/dist/database/odm/abstract.js:1:3994)\n    at ChatMessage.save (/home/crazyeyes/foundry/resources/app/dist/database/odm/document.js:1:4895)\n    at runMicrotasks (<anonymous>)\n    at processTicksAndRejections (internal/process/task_queues.js:94:5)\n    at async Function._onCreate (/home/crazyeyes/foundry/resources/app/dist/database/odm/document.js:1:6989)\n    at async Socket.handleEvent (/home/crazyeyes/foundry/resources/app/dist/sockets.js:1:2262)"}
{"message":"Package wfrp4e-e4e declares an invalid language object in its manifest file","level":"error","timestamp":"2021-05-02 13:43:16"}
{"message":"Package wfrp4e-exporter declares an invalid language object in its manifest file","level":"error","timestamp":"2021-05-02 13:43:16"}
{"message":"Package wfrp4e-night-of-blood declares an invalid language object in its manifest file","level":"error","timestamp":"2021-05-02 13:43:16"}
{"message":"Package wfrp4e-e4e declares an invalid language object in its manifest file","level":"error","timestamp":"2021-05-09 09:05:16"}
{"message":"Package wfrp4e-exporter declares an invalid language object in its manifest file","level":"error","timestamp":"2021-05-09 09:05:16"}
{"message":"Package wfrp4e-night-of-blood declares an invalid language object in its manifest file","level":"error","timestamp":"2021-05-09 09:05:16"}
{"message":"Package wfrp4e-e4e declares an invalid language object in its manifest file","level":"error","timestamp":"2021-05-09 09:06:14"}
{"message":"Package wfrp4e-exporter declares an invalid language object in its manifest file","level":"error","timestamp":"2021-05-09 09:06:14"}
{"message":"Package wfrp4e-night-of-blood declares an invalid language object in its manifest file","level":"error","timestamp":"2021-05-09 09:06:14"}
{"level":"error","timestamp":"2021-05-09 15:53:17","message":"User Crazyeyes lacks permission to update Actor b8fuQKBqT5ziYJXI","stack":"Error: User Crazyeyes lacks permission to update Actor b8fuQKBqT5ziYJXI\n    at Function._onUpdate (/home/crazyeyes/foundry/resources/app/dist/database/odm/document.js:1:8099)\n    at async Socket.handleEvent (/home/crazyeyes/foundry/resources/app/dist/sockets.js:1:2262)"}
{"level":"error","timestamp":"2021-05-09 15:53:17","message":"User Terra lacks permission to update Actor b8fuQKBqT5ziYJXI","stack":"Error: User Terra lacks permission to update Actor b8fuQKBqT5ziYJXI\n    at Function._onUpdate (/home/crazyeyes/foundry/resources/app/dist/database/odm/document.js:1:8099)\n    at async Socket.handleEvent (/home/crazyeyes/foundry/resources/app/dist/sockets.js:1:2262)"}
{"level":"error","timestamp":"2021-05-09 15:53:18","message":"User Josh lacks permission to update Actor b8fuQKBqT5ziYJXI","stack":"Error: User Josh lacks permission to update Actor b8fuQKBqT5ziYJXI\n    at Function._onUpdate (/home/crazyeyes/foundry/resources/app/dist/database/odm/document.js:1:8099)\n    at async Socket.handleEvent (/home/crazyeyes/foundry/resources/app/dist/sockets.js:1:2262)"}
{"level":"error","timestamp":"2021-05-09 15:53:42","message":"User Crazyeyes lacks permission to update Actor b8fuQKBqT5ziYJXI","stack":"Error: User Crazyeyes lacks permission to update Actor b8fuQKBqT5ziYJXI\n    at Function._onUpdate (/home/crazyeyes/foundry/resources/app/dist/database/odm/document.js:1:8099)\n    at async Socket.handleEvent (/home/crazyeyes/foundry/resources/app/dist/sockets.js:1:2262)"}
{"level":"error","timestamp":"2021-05-09 15:53:42","message":"User Terra lacks permission to update Actor b8fuQKBqT5ziYJXI","stack":"Error: User Terra lacks permission to update Actor b8fuQKBqT5ziYJXI\n    at Function._onUpdate (/home/crazyeyes/foundry/resources/app/dist/database/odm/document.js:1:8099)\n    at async Socket.handleEvent (/home/crazyeyes/foundry/resources/app/dist/sockets.js:1:2262)"}
{"level":"error","timestamp":"2021-05-09 15:53:42","message":"User Josh lacks permission to update Actor b8fuQKBqT5ziYJXI","stack":"Error: User Josh lacks permission to update Actor b8fuQKBqT5ziYJXI\n    at Function._onUpdate (/home/crazyeyes/foundry/resources/app/dist/database/odm/document.js:1:8099)\n    at async Socket.handleEvent (/home/crazyeyes/foundry/resources/app/dist/sockets.js:1:2262)"}
{"level":"error","timestamp":"2021-05-09 15:53:52","message":"User Crazyeyes lacks permission to update Actor b8fuQKBqT5ziYJXI","stack":"Error: User Crazyeyes lacks permission to update Actor b8fuQKBqT5ziYJXI\n    at Function._onUpdate (/home/crazyeyes/foundry/resources/app/dist/database/odm/document.js:1:8099)\n    at async Socket.handleEvent (/home/crazyeyes/foundry/resources/app/dist/sockets.js:1:2262)"}
{"level":"error","timestamp":"2021-05-09 15:53:52","message":"User Terra lacks permission to update Actor b8fuQKBqT5ziYJXI","stack":"Error: User Terra lacks permission to update Actor b8fuQKBqT5ziYJXI\n    at Function._onUpdate (/home/crazyeyes/foundry/resources/app/dist/database/odm/document.js:1:8099)\n    at async Socket.handleEvent (/home/crazyeyes/foundry/resources/app/dist/sockets.js:1:2262)"}
{"level":"error","timestamp":"2021-05-09 15:53:52","message":"User Crazyeyes lacks permission to update Actor b8fuQKBqT5ziYJXI","stack":"Error: User Crazyeyes lacks permission to update Actor b8fuQKBqT5ziYJXI\n    at Function._onUpdate (/home/crazyeyes/foundry/resources/app/dist/database/odm/document.js:1:8099)\n    at async Socket.handleEvent (/home/crazyeyes/foundry/resources/app/dist/sockets.js:1:2262)"}
{"level":"error","timestamp":"2021-05-09 15:53:52","message":"User Crazyeyes lacks permission to update Actor b8fuQKBqT5ziYJXI","stack":"Error: User Crazyeyes lacks permission to update Actor b8fuQKBqT5ziYJXI\n    at Function._onUpdate (/home/crazyeyes/foundry/resources/app/dist/database/odm/document.js:1:8099)\n    at async Socket.handleEvent (/home/crazyeyes/foundry/resources/app/dist/sockets.js:1:2262)"}
{"level":"error","timestamp":"2021-05-09 15:53:52","message":"User Josh lacks permission to update Actor b8fuQKBqT5ziYJXI","stack":"Error: User Josh lacks permission to update Actor b8fuQKBqT5ziYJXI\n    at Function._onUpdate (/home/crazyeyes/foundry/resources/app/dist/database/odm/document.js:1:8099)\n    at async Socket.handleEvent (/home/crazyeyes/foundry/resources/app/dist/sockets.js:1:2262)"}
{"level":"error","timestamp":"2021-05-09 15:53:52","message":"User Terra lacks permission to update Actor b8fuQKBqT5ziYJXI","stack":"Error: User Terra lacks permission to update Actor b8fuQKBqT5ziYJXI\n    at Function._onUpdate (/home/crazyeyes/foundry/resources/app/dist/database/odm/document.js:1:8099)\n    at async Socket.handleEvent (/home/crazyeyes/foundry/resources/app/dist/sockets.js:1:2262)"}
{"level":"error","timestamp":"2021-05-09 15:53:52","message":"User Terra lacks permission to update Actor b8fuQKBqT5ziYJXI","stack":"Error: User Terra lacks permission to update Actor b8fuQKBqT5ziYJXI\n    at Function._onUpdate (/home/crazyeyes/foundry/resources/app/dist/database/odm/document.js:1:8099)\n    at async Socket.handleEvent (/home/crazyeyes/foundry/resources/app/dist/sockets.js:1:2262)"}
{"level":"error","timestamp":"2021-05-09 15:53:52","message":"User Josh lacks permission to update Actor b8fuQKBqT5ziYJXI","stack":"Error: User Josh lacks permission to update Actor b8fuQKBqT5ziYJXI\n    at Function._onUpdate (/home/crazyeyes/foundry/resources/app/dist/database/odm/document.js:1:8099)\n    at runNextTicks (internal/process/task_queues.js:59:5)\n    at processImmediate (internal/timers.js:412:9)\n    at process.topLevelDomainCallback (domain.js:130:23)\n    at async Socket.handleEvent (/home/crazyeyes/foundry/resources/app/dist/sockets.js:1:2262)"}
{"level":"error","timestamp":"2021-05-09 15:53:52","message":"User Josh lacks permission to update Actor b8fuQKBqT5ziYJXI","stack":"Error: User Josh lacks permission to update Actor b8fuQKBqT5ziYJXI\n    at Function._onUpdate (/home/crazyeyes/foundry/resources/app/dist/database/odm/document.js:1:8099)\n    at async Socket.handleEvent (/home/crazyeyes/foundry/resources/app/dist/sockets.js:1:2262)"}
{"message":"Package wfrp4e-e4e declares an invalid language object in its manifest file","level":"error","timestamp":"2021-05-16 10:31:48"}
{"message":"Package wfrp4e-exporter declares an invalid language object in its manifest file","level":"error","timestamp":"2021-05-16 10:31:48"}
{"message":"Package wfrp4e-night-of-blood declares an invalid language object in its manifest file","level":"error","timestamp":"2021-05-16 10:31:48"}
{"message":"Package wfrp4e-e4e declares an invalid language object in its manifest file","level":"error","timestamp":"2021-05-16 10:36:29"}
{"message":"Package wfrp4e-exporter declares an invalid language object in its manifest file","level":"error","timestamp":"2021-05-16 10:36:29"}
{"message":"Package wfrp4e-night-of-blood declares an invalid language object in its manifest file","level":"error","timestamp":"2021-05-16 10:36:29"}
{"message":"Package wfrp4e-e4e declares an invalid language object in its manifest file","level":"error","timestamp":"2021-05-16 10:39:49"}
{"message":"Package wfrp4e-exporter declares an invalid language object in its manifest file","level":"error","timestamp":"2021-05-16 10:39:49"}
{"message":"Package wfrp4e-night-of-blood declares an invalid language object in its manifest file","level":"error","timestamp":"2021-05-16 10:39:49"}
{"message":"Package wfrp4e-e4e declares an invalid language object in its manifest file","level":"error","timestamp":"2021-05-16 10:51:58"}
{"message":"Package wfrp4e-exporter declares an invalid language object in its manifest file","level":"error","timestamp":"2021-05-16 10:51:58"}
{"message":"Package wfrp4e-night-of-blood declares an invalid language object in its manifest file","level":"error","timestamp":"2021-05-16 10:51:58"}
{"level":"error","timestamp":"2021-05-16 12:56:51","message":"Required field name not present in Actor.","stack":"Error: Required field name not present in Actor.\n    at Actor._validateRequiredField (/home/crazyeyes/foundry/resources/app/dist/database/odm/abstract.js:1:4323)\n    at Actor.validate (/home/crazyeyes/foundry/resources/app/dist/database/odm/abstract.js:1:3994)\n    at Actor.save (/home/crazyeyes/foundry/resources/app/dist/database/odm/document.js:1:4895)\n    at async Function._onCreate (/home/crazyeyes/foundry/resources/app/dist/database/odm/document.js:1:6989)\n    at async Socket.handleEvent (/home/crazyeyes/foundry/resources/app/dist/sockets.js:1:2262)"}
{"level":"error","timestamp":"2021-05-16 12:57:52","message":"User Crazyeyes lacks permission to update Actor mWjyrhfkAJ2N6www","stack":"Error: User Crazyeyes lacks permission to update Actor mWjyrhfkAJ2N6www\n    at Function._onUpdate (/home/crazyeyes/foundry/resources/app/dist/database/odm/document.js:1:8099)\n    at async Socket.handleEvent (/home/crazyeyes/foundry/resources/app/dist/sockets.js:1:2262)"}
{"level":"error","timestamp":"2021-05-16 12:57:52","message":"User Terra lacks permission to update Actor mWjyrhfkAJ2N6www","stack":"Error: User Terra lacks permission to update Actor mWjyrhfkAJ2N6www\n    at Function._onUpdate (/home/crazyeyes/foundry/resources/app/dist/database/odm/document.js:1:8099)\n    at async Socket.handleEvent (/home/crazyeyes/foundry/resources/app/dist/sockets.js:1:2262)"}
{"level":"error","timestamp":"2021-05-16 12:57:52","message":"User Josh lacks permission to update Actor mWjyrhfkAJ2N6www","stack":"Error: User Josh lacks permission to update Actor mWjyrhfkAJ2N6www\n    at Function._onUpdate (/home/crazyeyes/foundry/resources/app/dist/database/odm/document.js:1:8099)\n    at async Socket.handleEvent (/home/crazyeyes/foundry/resources/app/dist/sockets.js:1:2262)"}
{"level":"error","timestamp":"2021-05-16 12:57:54","message":"User Crazyeyes lacks permission to update Actor mWjyrhfkAJ2N6www","stack":"Error: User Crazyeyes lacks permission to update Actor mWjyrhfkAJ2N6www\n    at Function._onUpdate (/home/crazyeyes/foundry/resources/app/dist/database/odm/document.js:1:8099)\n    at async Socket.handleEvent (/home/crazyeyes/foundry/resources/app/dist/sockets.js:1:2262)"}
{"level":"error","timestamp":"2021-05-16 12:57:54","message":"User Terra lacks permission to update Actor mWjyrhfkAJ2N6www","stack":"Error: User Terra lacks permission to update Actor mWjyrhfkAJ2N6www\n    at Function._onUpdate (/home/crazyeyes/foundry/resources/app/dist/database/odm/document.js:1:8099)\n    at async Socket.handleEvent (/home/crazyeyes/foundry/resources/app/dist/sockets.js:1:2262)"}
{"level":"error","timestamp":"2021-05-16 12:57:54","message":"User Josh lacks permission to update Actor mWjyrhfkAJ2N6www","stack":"Error: User Josh lacks permission to update Actor mWjyrhfkAJ2N6www\n    at Function._onUpdate (/home/crazyeyes/foundry/resources/app/dist/database/odm/document.js:1:8099)\n    at async Socket.handleEvent (/home/crazyeyes/foundry/resources/app/dist/sockets.js:1:2262)"}
{"level":"error","timestamp":"2021-05-16 16:56:56","message":"User Crazyeyes lacks permission to update Actor fcIUXb2sCaEDcomN","stack":"Error: User Crazyeyes lacks permission to update Actor fcIUXb2sCaEDcomN\n    at Function._onUpdate (/home/crazyeyes/foundry/resources/app/dist/database/odm/document.js:1:8099)\n    at async Socket.handleEvent (/home/crazyeyes/foundry/resources/app/dist/sockets.js:1:2262)"}
{"level":"error","timestamp":"2021-05-16 16:56:56","message":"User Josh lacks permission to update Actor fcIUXb2sCaEDcomN","stack":"Error: User Josh lacks permission to update Actor fcIUXb2sCaEDcomN\n    at Function._onUpdate (/home/crazyeyes/foundry/resources/app/dist/database/odm/document.js:1:8099)\n    at async Socket.handleEvent (/home/crazyeyes/foundry/resources/app/dist/sockets.js:1:2262)"}
{"level":"error","timestamp":"2021-05-16 19:47:14","message":"User Crazyeyes lacks permission to update Actor vUY80Q33ULA2m1Rx","stack":"Error: User Crazyeyes lacks permission to update Actor vUY80Q33ULA2m1Rx\n    at Function._onUpdate (/home/crazyeyes/foundry/resources/app/dist/database/odm/document.js:1:8099)\n    at async Socket.handleEvent (/home/crazyeyes/foundry/resources/app/dist/sockets.js:1:2262)"}
{"level":"error","timestamp":"2021-05-16 19:50:57","message":"User Crazyeyes lacks permission to update Actor BF7D2vJ3BfQMVVqM","stack":"Error: User Crazyeyes lacks permission to update Actor BF7D2vJ3BfQMVVqM\n    at Function._onUpdate (/home/crazyeyes/foundry/resources/app/dist/database/odm/document.js:1:8099)\n    at async Socket.handleEvent (/home/crazyeyes/foundry/resources/app/dist/sockets.js:1:2262)"}
{"level":"error","timestamp":"2021-05-16 19:51:20","message":"User Crazyeyes lacks permission to update Actor BF7D2vJ3BfQMVVqM","stack":"Error: User Crazyeyes lacks permission to update Actor BF7D2vJ3BfQMVVqM\n    at Function._onUpdate (/home/crazyeyes/foundry/resources/app/dist/database/odm/document.js:1:8099)\n    at async Socket.handleEvent (/home/crazyeyes/foundry/resources/app/dist/sockets.js:1:2262)"}
{"level":"error","timestamp":"2021-05-16 19:51:37","message":"User Crazyeyes lacks permission to update Actor BF7D2vJ3BfQMVVqM","stack":"Error: User Crazyeyes lacks permission to update Actor BF7D2vJ3BfQMVVqM\n    at Function._onUpdate (/home/crazyeyes/foundry/resources/app/dist/database/odm/document.js:1:8099)\n    at async Socket.handleEvent (/home/crazyeyes/foundry/resources/app/dist/sockets.js:1:2262)"}
{"level":"error","timestamp":"2021-05-16 20:01:53","message":"User Crazyeyes lacks permission to update Actor BF7D2vJ3BfQMVVqM","stack":"Error: User Crazyeyes lacks permission to update Actor BF7D2vJ3BfQMVVqM\n    at Function._onUpdate (/home/crazyeyes/foundry/resources/app/dist/database/odm/document.js:1:8099)\n    at async Socket.handleEvent (/home/crazyeyes/foundry/resources/app/dist/sockets.js:1:2262)"}
{"level":"error","timestamp":"2021-05-16 20:01:59","message":"User Crazyeyes lacks permission to update Actor BF7D2vJ3BfQMVVqM","stack":"Error: User Crazyeyes lacks permission to update Actor BF7D2vJ3BfQMVVqM\n    at Function._onUpdate (/home/crazyeyes/foundry/resources/app/dist/database/odm/document.js:1:8099)\n    at async Socket.handleEvent (/home/crazyeyes/foundry/resources/app/dist/sockets.js:1:2262)"}
{"level":"error","timestamp":"2021-05-16 20:02:04","message":"User Crazyeyes lacks permission to update Actor BF7D2vJ3BfQMVVqM","stack":"Error: User Crazyeyes lacks permission to update Actor BF7D2vJ3BfQMVVqM\n    at Function._onUpdate (/home/crazyeyes/foundry/resources/app/dist/database/odm/document.js:1:8099)\n    at async Socket.handleEvent (/home/crazyeyes/foundry/resources/app/dist/sockets.js:1:2262)"}
{"level":"error","timestamp":"2021-05-16 20:02:35","message":"User Crazyeyes lacks permission to update Actor BF7D2vJ3BfQMVVqM","stack":"Error: User Crazyeyes lacks permission to update Actor BF7D2vJ3BfQMVVqM\n    at Function._onUpdate (/home/crazyeyes/foundry/resources/app/dist/database/odm/document.js:1:8099)\n    at async Socket.handleEvent (/home/crazyeyes/foundry/resources/app/dist/sockets.js:1:2262)"}
{"message":"Package wfrp4e-e4e declares an invalid language object in its manifest file","level":"error","timestamp":"2021-05-17 08:54:23"}
{"message":"Package wfrp4e-exporter declares an invalid language object in its manifest file","level":"error","timestamp":"2021-05-17 08:54:23"}
{"message":"Package wfrp4e-night-of-blood declares an invalid language object in its manifest file","level":"error","timestamp":"2021-05-17 08:54:23"}
{"message":"Package wfrp4e-e4e declares an invalid language object in its manifest file","level":"error","timestamp":"2021-05-23 10:58:50"}
{"message":"Package wfrp4e-exporter declares an invalid language object in its manifest file","level":"error","timestamp":"2021-05-23 10:58:50"}
{"message":"Package wfrp4e-night-of-blood declares an invalid language object in its manifest file","level":"error","timestamp":"2021-05-23 10:58:50"}
{"message":"Package wfrp4e-e4e declares an invalid language object in its manifest file","level":"error","timestamp":"2021-05-23 12:08:35"}
{"message":"Package wfrp4e-exporter declares an invalid language object in its manifest file","level":"error","timestamp":"2021-05-23 12:08:35"}
{"message":"Package wfrp4e-night-of-blood declares an invalid language object in its manifest file","level":"error","timestamp":"2021-05-23 12:08:35"}
{"level":"error","timestamp":"2021-05-23 14:48:34","message":"User Crazyeyes lacks permission to update Actor eKVQbLuiVxh3nQBj","stack":"Error: User Crazyeyes lacks permission to update Actor eKVQbLuiVxh3nQBj\n    at Function._onUpdate (/home/crazyeyes/foundry/resources/app/dist/database/odm/document.js:1:8099)\n    at async Socket.handleEvent (/home/crazyeyes/foundry/resources/app/dist/sockets.js:1:2262)"}
{"level":"error","timestamp":"2021-05-23 14:48:34","message":"User Crazyeyes lacks permission to update Combat V107jl69e4j4VpYC","stack":"Error: User Crazyeyes lacks permission to update Combat V107jl69e4j4VpYC\n    at Function._onUpdate (/home/crazyeyes/foundry/resources/app/dist/database/odm/document.js:1:8099)\n    at async Socket.handleEvent (/home/crazyeyes/foundry/resources/app/dist/sockets.js:1:2262)"}
{"level":"error","timestamp":"2021-05-23 14:48:34","message":"User Terra lacks permission to update Actor eKVQbLuiVxh3nQBj","stack":"Error: User Terra lacks permission to update Actor eKVQbLuiVxh3nQBj\n    at Function._onUpdate (/home/crazyeyes/foundry/resources/app/dist/database/odm/document.js:1:8099)\n    at async Socket.handleEvent (/home/crazyeyes/foundry/resources/app/dist/sockets.js:1:2262)"}
{"level":"error","timestamp":"2021-05-23 14:48:34","message":"User Josh lacks permission to update Actor eKVQbLuiVxh3nQBj","stack":"Error: User Josh lacks permission to update Actor eKVQbLuiVxh3nQBj\n    at Function._onUpdate (/home/crazyeyes/foundry/resources/app/dist/database/odm/document.js:1:8099)\n    at async Socket.handleEvent (/home/crazyeyes/foundry/resources/app/dist/sockets.js:1:2262)"}
{"level":"error","timestamp":"2021-05-23 14:48:34","message":"User Josh lacks permission to update Combat V107jl69e4j4VpYC","stack":"Error: User Josh lacks permission to update Combat V107jl69e4j4VpYC\n    at Function._onUpdate (/home/crazyeyes/foundry/resources/app/dist/database/odm/document.js:1:8099)\n    at async Socket.handleEvent (/home/crazyeyes/foundry/resources/app/dist/sockets.js:1:2262)"}
{"level":"error","timestamp":"2021-05-23 14:48:35","message":"User Terra lacks permission to update Combat V107jl69e4j4VpYC","stack":"Error: User Terra lacks permission to update Combat V107jl69e4j4VpYC\n    at Function._onUpdate (/home/crazyeyes/foundry/resources/app/dist/database/odm/document.js:1:8099)\n    at async Socket.handleEvent (/home/crazyeyes/foundry/resources/app/dist/sockets.js:1:2262)"}
{"message":"Package wfrp4e-e4e declares an invalid language object in its manifest file","level":"error","timestamp":"2021-05-23 16:38:48"}
{"message":"Package wfrp4e-exporter declares an invalid language object in its manifest file","level":"error","timestamp":"2021-05-23 16:38:48"}
{"message":"Package wfrp4e-night-of-blood declares an invalid language object in its manifest file","level":"error","timestamp":"2021-05-23 16:38:48"}
{"level":"error","timestamp":"2021-05-23 16:57:41","message":"User Crazyeyes lacks permission to update Combat UZC39SNrHR5oOEkZ","stack":"Error: User Crazyeyes lacks permission to update Combat UZC39SNrHR5oOEkZ\n    at Function._onUpdate (/home/crazyeyes/foundry/resources/app/dist/database/odm/document.js:1:8099)\n    at async Socket.handleEvent (/home/crazyeyes/foundry/resources/app/dist/sockets.js:1:2262)"}
{"level":"error","timestamp":"2021-05-23 16:57:41","message":"User Josh lacks permission to update Combat UZC39SNrHR5oOEkZ","stack":"Error: User Josh lacks permission to update Combat UZC39SNrHR5oOEkZ\n    at Function._onUpdate (/home/crazyeyes/foundry/resources/app/dist/database/odm/document.js:1:8099)\n    at async Socket.handleEvent (/home/crazyeyes/foundry/resources/app/dist/sockets.js:1:2262)"}
{"level":"error","timestamp":"2021-05-23 16:57:41","message":"User Terra lacks permission to update Combat UZC39SNrHR5oOEkZ","stack":"Error: User Terra lacks permission to update Combat UZC39SNrHR5oOEkZ\n    at Function._onUpdate (/home/crazyeyes/foundry/resources/app/dist/database/odm/document.js:1:8099)\n    at async Socket.handleEvent (/home/crazyeyes/foundry/resources/app/dist/sockets.js:1:2262)"}
{"level":"error","timestamp":"2021-05-23 16:57:41","message":"Cannot convert undefined or null to object","stack":"TypeError: Cannot convert undefined or null to object\n    at Function._onCreate (/home/crazyeyes/foundry/resources/app/dist/database/odm/embedded.js:1:6024)\n    at _onModifyDocument (/home/crazyeyes/foundry/resources/app/dist/database/odm/embedded.js:1:5489)\n    at async Socket.handleEvent (/home/crazyeyes/foundry/resources/app/dist/sockets.js:1:2262)"}
{"errno":-2,"code":"ECOMPROMISED","syscall":"stat","path":"/home/crazyeyes/.local/share/FoundryVTT/Config/options.json.lock","level":"error","timestamp":"2021-05-24 08:55:30","message":"ENOENT: no such file or directory, stat '/home/crazyeyes/.local/share/FoundryVTT/Config/options.json.lock'","stack":"Error: ENOENT: no such file or directory, stat '/home/crazyeyes/.local/share/FoundryVTT/Config/options.json.lock'"}
{"message":"Package wfrp4e-e4e declares an invalid language object in its manifest file","level":"error","timestamp":"2021-05-30 11:10:31"}
{"message":"Package wfrp4e-exporter declares an invalid language object in its manifest file","level":"error","timestamp":"2021-05-30 11:10:31"}
{"message":"Package wfrp4e-night-of-blood declares an invalid language object in its manifest file","level":"error","timestamp":"2021-05-30 11:10:31"}
{"level":"error","timestamp":"2021-05-30 14:36:49","message":"User Josh lacks permission to update Item zEXgvNdXfsCoFm1m","stack":"Error: User Josh lacks permission to update Item zEXgvNdXfsCoFm1m\n    at Function._onUpdate (/home/crazyeyes/foundry/resources/app/dist/database/odm/document.js:1:8099)\n    at async Socket.handleEvent (/home/crazyeyes/foundry/resources/app/dist/sockets.js:1:2262)"}
{"level":"error","timestamp":"2021-05-30 17:15:31","message":"User Josh lacks permission to create a new OwnedItem in parent Actor fcIUXb2sCaEDcomN","stack":"Error: User Josh lacks permission to create a new OwnedItem in parent Actor fcIUXb2sCaEDcomN\n    at Function._onCreate (/home/crazyeyes/foundry/resources/app/dist/database/odm/embedded.js:1:6398)"}
{"level":"error","timestamp":"2021-05-30 17:15:31","message":"User Josh lacks permission to update Actor fcIUXb2sCaEDcomN","stack":"Error: User Josh lacks permission to update Actor fcIUXb2sCaEDcomN\n    at Function._onUpdate (/home/crazyeyes/foundry/resources/app/dist/database/odm/document.js:1:8099)\n    at async Socket.handleEvent (/home/crazyeyes/foundry/resources/app/dist/sockets.js:1:2262)"}
{"message":"Package wfrp4e-e4e declares an invalid language object in its manifest file","level":"error","timestamp":"2021-06-06 11:01:30"}
{"message":"Package wfrp4e-exporter declares an invalid language object in its manifest file","level":"error","timestamp":"2021-06-06 11:01:30"}
{"message":"Package wfrp4e-night-of-blood declares an invalid language object in its manifest file","level":"error","timestamp":"2021-06-06 11:01:30"}
{"message":"Package wfrp4e-e4e declares an invalid language object in its manifest file","level":"error","timestamp":"2021-06-06 11:05:29"}
{"message":"Package wfrp4e-exporter declares an invalid language object in its manifest file","level":"error","timestamp":"2021-06-06 11:05:29"}
{"message":"Package wfrp4e-night-of-blood declares an invalid language object in its manifest file","level":"error","timestamp":"2021-06-06 11:05:29"}
{"level":"error","timestamp":"2021-06-06 12:17:50","message":"Cannot read property 'hWNxrHgD6tOVKAVx' of undefined","stack":"TypeError: Cannot read property 'hWNxrHgD6tOVKAVx' of undefined\n    at Folder.hasPerm (/home/crazyeyes/foundry/resources/app/dist/database/odm/entity.js:1:3684)\n    at Function.canUpdate (/home/crazyeyes/foundry/resources/app/dist/database/odm/entity.js:1:4162)\n    at Function._onUpdate (/home/crazyeyes/foundry/resources/app/dist/database/odm/document.js:1:8048)\n    at async Socket.handleEvent (/home/crazyeyes/foundry/resources/app/dist/sockets.js:1:2262)"}
{"message":"Package wfrp4e-e4e declares an invalid language object in its manifest file","level":"error","timestamp":"2021-06-13 11:51:36"}
{"message":"Package wfrp4e-exporter declares an invalid language object in its manifest file","level":"error","timestamp":"2021-06-13 11:51:36"}
{"message":"Package wfrp4e-night-of-blood declares an invalid language object in its manifest file","level":"error","timestamp":"2021-06-13 11:51:36"}
{"message":"Package wfrp4e-e4e declares an invalid language object in its manifest file","level":"error","timestamp":"2021-06-13 11:55:55"}
{"message":"Package wfrp4e-exporter declares an invalid language object in its manifest file","level":"error","timestamp":"2021-06-13 11:55:55"}
{"message":"Package wfrp4e-night-of-blood declares an invalid language object in its manifest file","level":"error","timestamp":"2021-06-13 11:55:55"}
{"message":"Package wfrp4e-e4e declares an invalid language object in its manifest file","level":"error","timestamp":"2021-06-13 12:07:58"}
{"message":"Package wfrp4e-exporter declares an invalid language object in its manifest file","level":"error","timestamp":"2021-06-13 12:07:58"}
{"message":"Package wfrp4e-night-of-blood declares an invalid language object in its manifest file","level":"error","timestamp":"2021-06-13 12:07:58"}
{"level":"error","timestamp":"2021-06-13 12:09:11","message":"Cannot read property '0ASvjGC88ifVZG73' of undefined","stack":"TypeError: Cannot read property '0ASvjGC88ifVZG73' of undefined\n    at Folder.hasPerm (/home/crazyeyes/foundry/resources/app/dist/database/odm/entity.js:1:3684)\n    at Function.canUpdate (/home/crazyeyes/foundry/resources/app/dist/database/odm/entity.js:1:4162)\n    at Function._onUpdate (/home/crazyeyes/foundry/resources/app/dist/database/odm/document.js:1:8048)\n    at async Socket.handleEvent (/home/crazyeyes/foundry/resources/app/dist/sockets.js:1:2262)"}
{"level":"error","timestamp":"2021-06-13 13:28:52","message":"User Crazyeyes lacks permission to update Actor EirHXovkHJs4UpoB","stack":"Error: User Crazyeyes lacks permission to update Actor EirHXovkHJs4UpoB\n    at Function._onUpdate (/home/crazyeyes/foundry/resources/app/dist/database/odm/document.js:1:8099)\n    at async Socket.handleEvent (/home/crazyeyes/foundry/resources/app/dist/sockets.js:1:2262)"}
{"level":"error","timestamp":"2021-06-13 13:28:52","message":"User Josh lacks permission to update Actor EirHXovkHJs4UpoB","stack":"Error: User Josh lacks permission to update Actor EirHXovkHJs4UpoB\n    at Function._onUpdate (/home/crazyeyes/foundry/resources/app/dist/database/odm/document.js:1:8099)\n    at async Socket.handleEvent (/home/crazyeyes/foundry/resources/app/dist/sockets.js:1:2262)"}
{"level":"error","timestamp":"2021-06-13 15:32:22","message":"User Crazyeyes lacks permission to update Actor hFqgQVmoMy06H3Tp","stack":"Error: User Crazyeyes lacks permission to update Actor hFqgQVmoMy06H3Tp\n    at Function._onUpdate (/home/crazyeyes/foundry/resources/app/dist/database/odm/document.js:1:8099)\n    at async Socket.handleEvent (/home/crazyeyes/foundry/resources/app/dist/sockets.js:1:2262)"}
{"level":"error","timestamp":"2021-06-13 15:32:22","message":"User Crazyeyes lacks permission to update Combat EtcumdAYdxnUNWYk","stack":"Error: User Crazyeyes lacks permission to update Combat EtcumdAYdxnUNWYk\n    at Function._onUpdate (/home/crazyeyes/foundry/resources/app/dist/database/odm/document.js:1:8099)\n    at async Socket.handleEvent (/home/crazyeyes/foundry/resources/app/dist/sockets.js:1:2262)"}
{"level":"error","timestamp":"2021-06-13 15:32:22","message":"User Josh lacks permission to update Actor hFqgQVmoMy06H3Tp","stack":"Error: User Josh lacks permission to update Actor hFqgQVmoMy06H3Tp\n    at Function._onUpdate (/home/crazyeyes/foundry/resources/app/dist/database/odm/document.js:1:8099)\n    at async Socket.handleEvent (/home/crazyeyes/foundry/resources/app/dist/sockets.js:1:2262)"}
{"level":"error","timestamp":"2021-06-13 15:32:22","message":"User Josh lacks permission to update Combat EtcumdAYdxnUNWYk","stack":"Error: User Josh lacks permission to update Combat EtcumdAYdxnUNWYk\n    at Function._onUpdate (/home/crazyeyes/foundry/resources/app/dist/database/odm/document.js:1:8099)\n    at async Socket.handleEvent (/home/crazyeyes/foundry/resources/app/dist/sockets.js:1:2262)"}
{"level":"error","timestamp":"2021-06-13 17:31:43","message":"User Crazyeyes lacks permission to update Actor NysFD3lTTE7Cl8WI","stack":"Error: User Crazyeyes lacks permission to update Actor NysFD3lTTE7Cl8WI\n    at Function._onUpdate (/home/crazyeyes/foundry/resources/app/dist/database/odm/document.js:1:8099)\n    at async Socket.handleEvent (/home/crazyeyes/foundry/resources/app/dist/sockets.js:1:2262)"}
{"level":"error","timestamp":"2021-06-13 17:31:43","message":"User Crazyeyes lacks permission to update Combat jy2DS0qk5IK5MLpB","stack":"Error: User Crazyeyes lacks permission to update Combat jy2DS0qk5IK5MLpB\n    at Function._onUpdate (/home/crazyeyes/foundry/resources/app/dist/database/odm/document.js:1:8099)\n    at async Socket.handleEvent (/home/crazyeyes/foundry/resources/app/dist/sockets.js:1:2262)"}
{"level":"error","timestamp":"2021-06-13 17:31:43","message":"User Josh lacks permission to update Actor NysFD3lTTE7Cl8WI","stack":"Error: User Josh lacks permission to update Actor NysFD3lTTE7Cl8WI\n    at Function._onUpdate (/home/crazyeyes/foundry/resources/app/dist/database/odm/document.js:1:8099)\n    at async Socket.handleEvent (/home/crazyeyes/foundry/resources/app/dist/sockets.js:1:2262)"}
{"level":"error","timestamp":"2021-06-13 17:31:43","message":"User Josh lacks permission to update Combat jy2DS0qk5IK5MLpB","stack":"Error: User Josh lacks permission to update Combat jy2DS0qk5IK5MLpB\n    at Function._onUpdate (/home/crazyeyes/foundry/resources/app/dist/database/odm/document.js:1:8099)\n    at async Socket.handleEvent (/home/crazyeyes/foundry/resources/app/dist/sockets.js:1:2262)"}
{"message":"Package wfrp4e-e4e declares an invalid language object in its manifest file","level":"error","timestamp":"2021-06-20 11:23:26"}
{"message":"Package wfrp4e-exporter declares an invalid language object in its manifest file","level":"error","timestamp":"2021-06-20 11:23:26"}
{"message":"Package wfrp4e-night-of-blood declares an invalid language object in its manifest file","level":"error","timestamp":"2021-06-20 11:23:26"}
{"level":"error","timestamp":"2021-06-20 16:35:51","message":"User Crazyeyes lacks permission to update Actor MjKhsYD0KoU2uFrn","stack":"Error: User Crazyeyes lacks permission to update Actor MjKhsYD0KoU2uFrn\n    at Function._onUpdate (/home/crazyeyes/foundry/resources/app/dist/database/odm/document.js:1:8099)\n    at async Socket.handleEvent (/home/crazyeyes/foundry/resources/app/dist/sockets.js:1:2262)"}
{"level":"error","timestamp":"2021-06-20 16:35:51","message":"User Terra lacks permission to update Actor MjKhsYD0KoU2uFrn","stack":"Error: User Terra lacks permission to update Actor MjKhsYD0KoU2uFrn\n    at Function._onUpdate (/home/crazyeyes/foundry/resources/app/dist/database/odm/document.js:1:8099)\n    at async Socket.handleEvent (/home/crazyeyes/foundry/resources/app/dist/sockets.js:1:2262)"}
{"level":"error","timestamp":"2021-06-20 16:35:51","message":"User Josh lacks permission to update Actor MjKhsYD0KoU2uFrn","stack":"Error: User Josh lacks permission to update Actor MjKhsYD0KoU2uFrn\n    at Function._onUpdate (/home/crazyeyes/foundry/resources/app/dist/database/odm/document.js:1:8099)\n    at async Socket.handleEvent (/home/crazyeyes/foundry/resources/app/dist/sockets.js:1:2262)"}
{"level":"error","timestamp":"2021-06-20 16:36:03","message":"User Crazyeyes lacks permission to update Actor MjKhsYD0KoU2uFrn","stack":"Error: User Crazyeyes lacks permission to update Actor MjKhsYD0KoU2uFrn\n    at Function._onUpdate (/home/crazyeyes/foundry/resources/app/dist/database/odm/document.js:1:8099)\n    at async Socket.handleEvent (/home/crazyeyes/foundry/resources/app/dist/sockets.js:1:2262)"}
{"level":"error","timestamp":"2021-06-20 16:36:03","message":"User Josh lacks permission to update Actor MjKhsYD0KoU2uFrn","stack":"Error: User Josh lacks permission to update Actor MjKhsYD0KoU2uFrn\n    at Function._onUpdate (/home/crazyeyes/foundry/resources/app/dist/database/odm/document.js:1:8099)\n    at async Socket.handleEvent (/home/crazyeyes/foundry/resources/app/dist/sockets.js:1:2262)"}
{"level":"error","timestamp":"2021-06-20 16:36:08","message":"User Terra lacks permission to update Actor MjKhsYD0KoU2uFrn","stack":"Error: User Terra lacks permission to update Actor MjKhsYD0KoU2uFrn\n    at Function._onUpdate (/home/crazyeyes/foundry/resources/app/dist/database/odm/document.js:1:8099)\n    at async Socket.handleEvent (/home/crazyeyes/foundry/resources/app/dist/sockets.js:1:2262)"}
{"level":"error","timestamp":"2021-06-20 16:36:46","message":"User Crazyeyes lacks permission to update Actor MjKhsYD0KoU2uFrn","stack":"Error: User Crazyeyes lacks permission to update Actor MjKhsYD0KoU2uFrn\n    at Function._onUpdate (/home/crazyeyes/foundry/resources/app/dist/database/odm/document.js:1:8099)\n    at async Socket.handleEvent (/home/crazyeyes/foundry/resources/app/dist/sockets.js:1:2262)"}
{"level":"error","timestamp":"2021-06-20 16:36:46","message":"User Crazyeyes lacks permission to update Actor MjKhsYD0KoU2uFrn","stack":"Error: User Crazyeyes lacks permission to update Actor MjKhsYD0KoU2uFrn\n    at Function._onUpdate (/home/crazyeyes/foundry/resources/app/dist/database/odm/document.js:1:8099)\n    at async Socket.handleEvent (/home/crazyeyes/foundry/resources/app/dist/sockets.js:1:2262)"}
{"level":"error","timestamp":"2021-06-20 16:36:46","message":"User Josh lacks permission to update Actor MjKhsYD0KoU2uFrn","stack":"Error: User Josh lacks permission to update Actor MjKhsYD0KoU2uFrn\n    at Function._onUpdate (/home/crazyeyes/foundry/resources/app/dist/database/odm/document.js:1:8099)\n    at async Socket.handleEvent (/home/crazyeyes/foundry/resources/app/dist/sockets.js:1:2262)"}
{"level":"error","timestamp":"2021-06-20 16:36:46","message":"User Josh lacks permission to update Actor MjKhsYD0KoU2uFrn","stack":"Error: User Josh lacks permission to update Actor MjKhsYD0KoU2uFrn\n    at Function._onUpdate (/home/crazyeyes/foundry/resources/app/dist/database/odm/document.js:1:8099)\n    at async Socket.handleEvent (/home/crazyeyes/foundry/resources/app/dist/sockets.js:1:2262)"}
{"level":"error","timestamp":"2021-06-20 16:36:46","message":"User Terra lacks permission to update Actor MjKhsYD0KoU2uFrn","stack":"Error: User Terra lacks permission to update Actor MjKhsYD0KoU2uFrn\n    at Function._onUpdate (/home/crazyeyes/foundry/resources/app/dist/database/odm/document.js:1:8099)\n    at async Socket.handleEvent (/home/crazyeyes/foundry/resources/app/dist/sockets.js:1:2262)"}
{"level":"error","timestamp":"2021-06-20 16:36:46","message":"User Terra lacks permission to update Actor MjKhsYD0KoU2uFrn","stack":"Error: User Terra lacks permission to update Actor MjKhsYD0KoU2uFrn\n    at Function._onUpdate (/home/crazyeyes/foundry/resources/app/dist/database/odm/document.js:1:8099)\n    at async Socket.handleEvent (/home/crazyeyes/foundry/resources/app/dist/sockets.js:1:2262)"}
{"message":"License verification failed. Please confirm your Foundry Virtual Tabletop software license","level":"error","timestamp":"2021-06-27 03:18:49"}
{"message":"Package wfrp4e-e4e declares an invalid language object in its manifest file","level":"error","timestamp":"2021-06-27 03:18:50"}
{"message":"Package wfrp4e-exporter declares an invalid language object in its manifest file","level":"error","timestamp":"2021-06-27 03:18:50"}
{"message":"Package wfrp4e-night-of-blood declares an invalid language object in its manifest file","level":"error","timestamp":"2021-06-27 03:18:50"}
{"message":"Package wfrp4e-e4e declares an invalid language object in its manifest file","level":"error","timestamp":"2021-06-27 03:19:46"}
{"message":"Package wfrp4e-exporter declares an invalid language object in its manifest file","level":"error","timestamp":"2021-06-27 03:19:46"}
{"message":"Package wfrp4e-night-of-blood declares an invalid language object in its manifest file","level":"error","timestamp":"2021-06-27 03:19:46"}
{"message":"Package wfrp4e-e4e declares an invalid language object in its manifest file","level":"error","timestamp":"2021-06-27 03:21:09"}
{"message":"Package wfrp4e-exporter declares an invalid language object in its manifest file","level":"error","timestamp":"2021-06-27 03:21:09"}
{"message":"Package wfrp4e-night-of-blood declares an invalid language object in its manifest file","level":"error","timestamp":"2021-06-27 03:21:09"}
{"message":"Package wfrp4e-e4e declares an invalid language object in its manifest file","level":"error","timestamp":"2021-06-27 03:26:00"}
{"message":"Package wfrp4e-exporter declares an invalid language object in its manifest file","level":"error","timestamp":"2021-06-27 03:26:00"}
{"message":"Package wfrp4e-night-of-blood declares an invalid language object in its manifest file","level":"error","timestamp":"2021-06-27 03:26:00"}
{"message":"License verification failed. Please confirm your Foundry Virtual Tabletop software license","level":"error","timestamp":"2021-06-27 11:23:36"}
{"message":"Package wfrp4e-e4e declares an invalid language object in its manifest file","level":"error","timestamp":"2021-06-27 11:23:36"}
{"message":"Package wfrp4e-exporter declares an invalid language object in its manifest file","level":"error","timestamp":"2021-06-27 11:23:36"}
{"message":"Package wfrp4e-night-of-blood declares an invalid language object in its manifest file","level":"error","timestamp":"2021-06-27 11:23:36"}
{"message":"Package wfrp4e-e4e declares an invalid language object in its manifest file","level":"error","timestamp":"2021-06-27 11:26:37"}
{"message":"Package wfrp4e-exporter declares an invalid language object in its manifest file","level":"error","timestamp":"2021-06-27 11:26:37"}
{"message":"Package wfrp4e-night-of-blood declares an invalid language object in its manifest file","level":"error","timestamp":"2021-06-27 11:26:37"}
{"message":"Package wfrp4e-e4e declares an invalid language object in its manifest file","level":"error","timestamp":"2021-06-27 11:38:50"}
{"message":"Package wfrp4e-exporter declares an invalid language object in its manifest file","level":"error","timestamp":"2021-06-27 11:38:50"}
{"message":"Package wfrp4e-night-of-blood declares an invalid language object in its manifest file","level":"error","timestamp":"2021-06-27 11:38:50"}
{"level":"error","timestamp":"2021-06-27 17:03:51","message":"User Crazyeyes lacks permission to update Actor 8Zy3PDSo4bzHrf3y","stack":"Error: User Crazyeyes lacks permission to update Actor 8Zy3PDSo4bzHrf3y\n    at Function._onUpdate (/home/crazyeyes/foundry/resources/app/dist/database/odm/document.js:1:8099)\n    at async Socket.handleEvent (/home/crazyeyes/foundry/resources/app/dist/sockets.js:1:2262)"}
{"level":"error","timestamp":"2021-06-27 17:03:51","message":"User Josh lacks permission to update Actor 8Zy3PDSo4bzHrf3y","stack":"Error: User Josh lacks permission to update Actor 8Zy3PDSo4bzHrf3y\n    at Function._onUpdate (/home/crazyeyes/foundry/resources/app/dist/database/odm/document.js:1:8099)\n    at async Socket.handleEvent (/home/crazyeyes/foundry/resources/app/dist/sockets.js:1:2262)"}
{"message":"License verification failed. Please confirm your Foundry Virtual Tabletop software license","level":"error","timestamp":"2021-07-01 03:47:03"}
{"message":"Package wfrp4e-e4e declares an invalid language object in its manifest file","level":"error","timestamp":"2021-07-01 03:47:06"}
{"message":"Package wfrp4e-exporter declares an invalid language object in its manifest file","level":"error","timestamp":"2021-07-01 03:47:06"}
{"message":"Package wfrp4e-night-of-blood declares an invalid language object in its manifest file","level":"error","timestamp":"2021-07-01 03:47:06"}
{"message":"Package wfrp4e-e4e declares an invalid language object in its manifest file","level":"error","timestamp":"2021-07-02 17:54:45"}
{"message":"Package wfrp4e-exporter declares an invalid language object in its manifest file","level":"error","timestamp":"2021-07-02 17:54:45"}
{"message":"Package wfrp4e-night-of-blood declares an invalid language object in its manifest file","level":"error","timestamp":"2021-07-02 17:54:45"}
{"message":"Package wfrp4e-e4e declares an invalid language object in its manifest file","level":"error","timestamp":"2021-07-02 23:15:01"}
{"message":"Package wfrp4e-exporter declares an invalid language object in its manifest file","level":"error","timestamp":"2021-07-02 23:15:01"}
{"message":"Package wfrp4e-night-of-blood declares an invalid language object in its manifest file","level":"error","timestamp":"2021-07-02 23:15:01"}
{"message":"Package wfrp4e-e4e declares an invalid language object in its manifest file","level":"error","timestamp":"2021-07-03 22:09:42"}
{"message":"Package wfrp4e-exporter declares an invalid language object in its manifest file","level":"error","timestamp":"2021-07-03 22:09:42"}
{"message":"Package wfrp4e-night-of-blood declares an invalid language object in its manifest file","level":"error","timestamp":"2021-07-03 22:09:42"}
{"message":"Package wfrp4e-e4e declares an invalid language object in its manifest file","level":"error","timestamp":"2021-07-04 14:00:08"}
{"message":"Package wfrp4e-exporter declares an invalid language object in its manifest file","level":"error","timestamp":"2021-07-04 14:00:08"}
{"message":"Package wfrp4e-night-of-blood declares an invalid language object in its manifest file","level":"error","timestamp":"2021-07-04 14:00:08"}
